<?xml version="1.0" encoding="UTF-8"?>
<testsuite xmlns:xsi="http://www.w3.org/2001/XMLSchema-instance" xsi:noNamespaceSchemaLocation="https://maven.apache.org/surefire/maven-surefire-plugin/xsd/surefire-test-report.xsd" version="3.0.2" name="org.openehealth.ipf.platform.camel.ihe.fhir.chppqm.chppq3.ChPpq3Test" time="53.199" tests="6" errors="1" skipped="1" failures="1">
  <properties>
[...]
</properties>
  <testcase name="testUpdate1" classname="org.openehealth.ipf.platform.camel.ihe.fhir.chppqm.chppq3.ChPpq3Test" time="11.392">
    <error message="HAPI-1361: Failed to parse response from server when performing PUT to URL /Consent?identifier=urn%3Auuid%3Aa4c18ef4-6704-4ccf-9c0d-514fbc5378c7 - java.net.SocketTimeoutException: Read timed out" type="ca.uhn.fhir.rest.client.exceptions.FhirClientConnectionException"><![CDATA[ca.uhn.fhir.rest.client.exceptions.FhirClientConnectionException: HAPI-1361: Failed to parse response from server when performing PUT to URL /Consent?identifier=urn%3Auuid%3Aa4c18ef4-6704-4ccf-9c0d-514fbc5378c7 - java.net.SocketTimeoutException: Read timed out
	at ca.uhn.fhir.rest.client.impl.BaseClient.invokeClient(BaseClient.java:480)
	at ca.uhn.fhir.rest.client.impl.GenericClient$BaseClientExecutable.invoke(GenericClient.java:585)
	at ca.uhn.fhir.rest.client.impl.GenericClient$UpdateInternal.execute(GenericClient.java:2512)
	at ca.uhn.fhir.rest.client.impl.GenericClient$UpdateInternal.execute(GenericClient.java:2439)
	at org.openehealth.ipf.platform.camel.ihe.fhir.core.FhirProducer.process(FhirProducer.java:107)
	at org.openehealth.ipf.platform.camel.ihe.fhir.core.intercept.producer.ProducerAuditInterceptor.process(ProducerAuditInterceptor.java:69)
	at org.openehealth.ipf.platform.camel.ihe.core.Interceptor2ProducerAdapter.process(Interceptor2ProducerAdapter.java:48)
	at org.apache.camel.support.AsyncProcessorConverterHelper$ProcessorToAsyncProcessorBridge.process(AsyncProcessorConverterHelper.java:65)
	at org.apache.camel.impl.engine.SharedCamelInternalProcessor.processNonTransacted(SharedCamelInternalProcessor.java:156)
	at org.apache.camel.impl.engine.SharedCamelInternalProcessor.process(SharedCamelInternalProcessor.java:133)
	at org.apache.camel.impl.engine.SharedCamelInternalProcessor$1.process(SharedCamelInternalProcessor.java:89)
	at org.apache.camel.impl.engine.DefaultAsyncProcessorAwaitManager.process(DefaultAsyncProcessorAwaitManager.java:82)
	at org.apache.camel.impl.engine.SharedCamelInternalProcessor.process(SharedCamelInternalProcessor.java:86)
	at org.apache.camel.support.cache.DefaultProducerCache.send(DefaultProducerCache.java:178)
	at org.apache.camel.impl.engine.DefaultProducerTemplate.send(DefaultProducerTemplate.java:175)
	at org.apache.camel.impl.engine.DefaultProducerTemplate.send(DefaultProducerTemplate.java:147)
	at org.apache.camel.impl.engine.DefaultProducerTemplate.send(DefaultProducerTemplate.java:130)
	at org.openehealth.ipf.platform.camel.ihe.fhir.chppqm.chppq3.ChPpq3Test.send(ChPpq3Test.java:76)
	at org.openehealth.ipf.platform.camel.ihe.fhir.chppqm.chppq3.ChPpq3Test.testUpdate1(ChPpq3Test.java:105)
	at java.base/java.lang.reflect.Method.invoke(Method.java:569)
	at java.base/java.util.ArrayList.forEach(ArrayList.java:1511)
	at java.base/java.util.ArrayList.forEach(ArrayList.java:1511)
Caused by: java.net.SocketTimeoutException: Read timed out
	at java.base/sun.nio.ch.NioSocketImpl.timedRead(NioSocketImpl.java:288)
	at java.base/sun.nio.ch.NioSocketImpl.implRead(NioSocketImpl.java:314)
	at java.base/sun.nio.ch.NioSocketImpl.read(NioSocketImpl.java:355)
	at java.base/sun.nio.ch.NioSocketImpl$1.read(NioSocketImpl.java:808)
	at java.base/java.net.Socket$SocketInputStream.read(Socket.java:966)
	at org.apache.hc.core5.http.impl.io.SessionInputBufferImpl.fillBuffer(SessionInputBufferImpl.java:149)
	at org.apache.hc.core5.http.impl.io.SessionInputBufferImpl.readLine(SessionInputBufferImpl.java:280)
	at org.apache.hc.core5.http.impl.io.AbstractMessageParser.parse(AbstractMessageParser.java:250)
	at org.apache.hc.core5.http.impl.io.AbstractMessageParser.parse(AbstractMessageParser.java:56)
	at org.apache.hc.core5.http.impl.io.DefaultBHttpClientConnection.receiveResponseHeader(DefaultBHttpClientConnection.java:331)
	at org.apache.hc.core5.http.impl.io.HttpRequestExecutor.execute(HttpRequestExecutor.java:196)
	at org.apache.hc.client5.http.impl.classic.InternalExecRuntime.lambda$execute$0(InternalExecRuntime.java:236)
	at org.apache.hc.client5.http.impl.io.PoolingHttpClientConnectionManager$InternalConnectionEndpoint.execute(PoolingHttpClientConnectionManager.java:791)
	at org.apache.hc.client5.http.impl.classic.InternalExecRuntime.execute(InternalExecRuntime.java:233)
	at org.apache.hc.client5.http.impl.classic.MainClientExec.execute(MainClientExec.java:120)
	at org.apache.hc.client5.http.impl.classic.ExecChainElement.execute(ExecChainElement.java:51)
	at org.apache.hc.client5.http.impl.classic.ConnectExec.execute(ConnectExec.java:198)
	at org.apache.hc.client5.http.impl.classic.ExecChainElement.execute(ExecChainElement.java:51)
	at org.apache.hc.client5.http.impl.classic.ProtocolExec.execute(ProtocolExec.java:192)
	at org.apache.hc.client5.http.impl.classic.ExecChainElement.execute(ExecChainElement.java:51)
	at org.apache.hc.client5.http.impl.classic.ContentCompressionExec.execute(ContentCompressionExec.java:150)
	at org.apache.hc.client5.http.impl.classic.ExecChainElement.execute(ExecChainElement.java:51)
	at org.apache.hc.client5.http.impl.classic.HttpRequestRetryExec.execute(HttpRequestRetryExec.java:113)
	at org.apache.hc.client5.http.impl.classic.ExecChainElement.execute(ExecChainElement.java:51)
	at org.apache.hc.client5.http.impl.classic.RedirectExec.execute(RedirectExec.java:110)
	at org.apache.hc.client5.http.impl.classic.ExecChainElement.execute(ExecChainElement.java:51)
	at org.apache.hc.client5.http.impl.classic.InternalHttpClient.doExecute(InternalHttpClient.java:174)
	at org.apache.hc.client5.http.impl.classic.CloseableHttpClient.execute(CloseableHttpClient.java:87)
	at org.apache.hc.client5.http.impl.classic.CloseableHttpClient.execute(CloseableHttpClient.java:55)
	at org.apache.hc.client5.http.classic.HttpClient.executeOpen(HttpClient.java:183)
	at org.openehealth.ipf.commons.ihe.fhir.ApacheHttpRequest5.execute(ApacheHttpRequest5.java:53)
	at ca.uhn.fhir.rest.client.impl.BaseClient.invokeClient(BaseClient.java:354)
	... 21 more
]]></error>
  </testcase>
  <testcase name="testUpdate2" classname="org.openehealth.ipf.platform.camel.ihe.fhir.chppqm.chppq3.ChPpq3Test" time="7.781">
    <failure message="expected: &lt;1&gt; but was: &lt;2&gt;" type="org.opentest4j.AssertionFailedError"><![CDATA[org.opentest4j.AssertionFailedError: expected: <1> but was: <2>
	at org.junit.jupiter.api.AssertionFailureBuilder.build(AssertionFailureBuilder.java:151)
	at org.junit.jupiter.api.AssertionFailureBuilder.buildAndThrow(AssertionFailureBuilder.java:132)
	at org.junit.jupiter.api.AssertEquals.failNotEqual(AssertEquals.java:197)
	at org.junit.jupiter.api.AssertEquals.assertEquals(AssertEquals.java:150)
	at org.junit.jupiter.api.AssertEquals.assertEquals(AssertEquals.java:145)
	at org.junit.jupiter.api.Assertions.assertEquals(Assertions.java:531)
	at org.openehealth.ipf.platform.camel.ihe.fhir.chppqm.chppq3.ChPpq3Test.testUpdate2(ChPpq3Test.java:133)
	at java.base/java.lang.reflect.Method.invoke(Method.java:569)
	at java.base/java.util.ArrayList.forEach(ArrayList.java:1511)
	at java.base/java.util.ArrayList.forEach(ArrayList.java:1511)
]]></failure>
    <system-out><![CDATA[13:31:32,476 [qtp1389055824-19] WARN  - LenientErrorHandler.unknownElement(200) | Unknown element 'author' found while parsing
13:31:33,323 [qtp1389055824-19] WARN  - LenientErrorHandler.unknownElement(200) | Unknown element 'author' found while parsing
13:31:33,891 [qtp1389055824-19] WARN  - LenientErrorHandler.unknownElement(200) | Unknown element 'author' found while parsing
]]></system-out>
  </testcase>
  <testcase name="testUpdate3" classname="org.openehealth.ipf.platform.camel.ihe.fhir.chppqm.chppq3.ChPpq3Test" time="2.381"/>
  <testcase name="testCreate1" classname="org.openehealth.ipf.platform.camel.ihe.fhir.chppqm.chppq3.ChPpq3Test" time="1.982"/>
  <testcase name="testDelete1" classname="org.openehealth.ipf.platform.camel.ihe.fhir.chppqm.chppq3.ChPpq3Test" time="0.0">
    <skipped message="public void org.openehealth.ipf.platform.camel.ihe.fhir.chppqm.chppq3.ChPpq3Test.testDelete1() is @Disabled"/>
  </testcase>
  <testcase name="testDelete2" classname="org.openehealth.ipf.platform.camel.ihe.fhir.chppqm.chppq3.ChPpq3Test" time="0.044"/>
</testsuite>